<?xml version="1.0" encoding="UTF-8"?>
<testsuite name="MusicAdvisorTest" tests="1" skipped="0" failures="1" errors="0" timestamp="2024-11-28T14:57:19" hostname="HAL955" time="1.699">
  <properties/>
  <testcase name="start" classname="MusicAdvisorTest" time="1.699">
    <failure message="java.lang.AssertionError: Wrong answer in test #2&#10;&#10;An error occurred while retrieving the category list:&#10;Access token is incorrect!&#10;&#10;Please find below the output of your program during this failed test.&#10;Note that the '&gt;' character indicates the beginning of the input line.&#10;&#10;---&#10;&#10;Arguments: -access http://127.0.0.1:56788 -resource http://127.0.0.1:56789 -page 1&#10;&#10;&gt; auth&#10;Use this link to request the access code:&#10;http://127.0.0.1:56788/authorize?client_id=e508e7306ef84fcd9a8769cac582b977&amp;redirect_uri=http://localhost:8080&amp;response_type=code&#10;Waiting for authorization code...&#10;---SUCCESS---&#10;Access Token: 456456&#10;Refresh Token: 567567&#10;&gt; categories&#10;API Error (401): Invalid access token" type="java.lang.AssertionError">java.lang.AssertionError: Wrong answer in test #2

An error occurred while retrieving the category list:
Access token is incorrect!

Please find below the output of your program during this failed test.
Note that the '&gt;' character indicates the beginning of the input line.

---

Arguments: -access http://127.0.0.1:56788 -resource http://127.0.0.1:56789 -page 1

&gt; auth
Use this link to request the access code:
http://127.0.0.1:56788/authorize?client_id=e508e7306ef84fcd9a8769cac582b977&amp;redirect_uri=http://localhost:8080&amp;response_type=code
Waiting for authorization code...
---SUCCESS---
Access Token: 456456
Refresh Token: 567567
&gt; categories
API Error (401): Invalid access token
	at org.junit.Assert.fail(Assert.java:89)
	at org.hyperskill.hstest.stage.StageTest.start(StageTest.java:208)
	at java.base/jdk.internal.reflect.DirectMethodHandleAccessor.invoke(DirectMethodHandleAccessor.java:103)
	at java.base/java.lang.reflect.Method.invoke(Method.java:580)
	at org.junit.runners.model.FrameworkMethod$1.runReflectiveCall(FrameworkMethod.java:59)
	at org.junit.internal.runners.model.ReflectiveCallable.run(ReflectiveCallable.java:12)
	at org.junit.runners.model.FrameworkMethod.invokeExplosively(FrameworkMethod.java:56)
	at org.junit.internal.runners.statements.InvokeMethod.evaluate(InvokeMethod.java:17)
	at org.junit.runners.ParentRunner$3.evaluate(ParentRunner.java:306)
	at org.junit.runners.BlockJUnit4ClassRunner$1.evaluate(BlockJUnit4ClassRunner.java:100)
	at org.junit.runners.ParentRunner.runLeaf(ParentRunner.java:366)
	at org.junit.runners.BlockJUnit4ClassRunner.runChild(BlockJUnit4ClassRunner.java:103)
	at org.junit.runners.BlockJUnit4ClassRunner.runChild(BlockJUnit4ClassRunner.java:63)
	at org.junit.runners.ParentRunner$4.run(ParentRunner.java:331)
	at org.junit.runners.ParentRunner$1.schedule(ParentRunner.java:79)
	at org.junit.runners.ParentRunner.runChildren(ParentRunner.java:329)
	at org.junit.runners.ParentRunner.access$100(ParentRunner.java:66)
	at org.junit.runners.ParentRunner$2.evaluate(ParentRunner.java:293)
	at org.junit.internal.runners.statements.RunAfters.evaluate(RunAfters.java:27)
	at org.junit.runners.ParentRunner$3.evaluate(ParentRunner.java:306)
	at org.junit.runners.ParentRunner.run(ParentRunner.java:413)
	at org.gradle.api.internal.tasks.testing.junit.JUnitTestClassExecutor.runTestClass(JUnitTestClassExecutor.java:112)
	at org.gradle.api.internal.tasks.testing.junit.JUnitTestClassExecutor.execute(JUnitTestClassExecutor.java:58)
	at org.gradle.api.internal.tasks.testing.junit.JUnitTestClassExecutor.execute(JUnitTestClassExecutor.java:40)
	at org.gradle.api.internal.tasks.testing.junit.AbstractJUnitTestClassProcessor.processTestClass(AbstractJUnitTestClassProcessor.java:60)
	at org.gradle.api.internal.tasks.testing.SuiteTestClassProcessor.processTestClass(SuiteTestClassProcessor.java:52)
	at java.base/jdk.internal.reflect.DirectMethodHandleAccessor.invoke(DirectMethodHandleAccessor.java:103)
	at java.base/java.lang.reflect.Method.invoke(Method.java:580)
	at org.gradle.internal.dispatch.ReflectionDispatch.dispatch(ReflectionDispatch.java:36)
	at org.gradle.internal.dispatch.ReflectionDispatch.dispatch(ReflectionDispatch.java:24)
	at org.gradle.internal.dispatch.ContextClassLoaderDispatch.dispatch(ContextClassLoaderDispatch.java:33)
	at org.gradle.internal.dispatch.ProxyDispatchAdapter$DispatchingInvocationHandler.invoke(ProxyDispatchAdapter.java:94)
	at jdk.proxy1/jdk.proxy1.$Proxy2.processTestClass(Unknown Source)
	at org.gradle.api.internal.tasks.testing.worker.TestWorker$2.run(TestWorker.java:176)
	at org.gradle.api.internal.tasks.testing.worker.TestWorker.executeAndMaintainThreadName(TestWorker.java:129)
	at org.gradle.api.internal.tasks.testing.worker.TestWorker.execute(TestWorker.java:100)
	at org.gradle.api.internal.tasks.testing.worker.TestWorker.execute(TestWorker.java:60)
	at org.gradle.process.internal.worker.child.ActionExecutionWorker.execute(ActionExecutionWorker.java:56)
	at org.gradle.process.internal.worker.child.SystemApplicationClassLoaderWorker.call(SystemApplicationClassLoaderWorker.java:113)
	at org.gradle.process.internal.worker.child.SystemApplicationClassLoaderWorker.call(SystemApplicationClassLoaderWorker.java:65)
	at worker.org.gradle.process.internal.worker.GradleWorkerMain.run(GradleWorkerMain.java:69)
	at worker.org.gradle.process.internal.worker.GradleWorkerMain.main(GradleWorkerMain.java:74)
</failure>
  </testcase>
  <system-out><![CDATA[?[1;31m
Start test 1?[0m
> auth
Use this link to request the access code:
http://127.0.0.1:56788/authorize?client_id=e508e7306ef84fcd9a8769cac582b977&redirect_uri=http://localhost:8080&response_type=code
Waiting for authorization code...
?[0;34mTester> Making requests to 'redirect_uri': http://localhost:8080
?[0m?[0;34mTester> Made request 1: Authorization code not found. Try again.
?[0m?[0;34mTester> Made request 2: Authorization code not found. Try again.
?[0m?[0;34mTester> Made request 3: Got the code. Return back to your program.
---SUCCESS---
Access Token: 456456
Refresh Token: 567567
> exit
---GOODBYE!---
?[1;31m
Start test 2?[0m
> auth
Use this link to request the access code:
http://127.0.0.1:56788/authorize?client_id=e508e7306ef84fcd9a8769cac582b977&redirect_uri=http://localhost:8080&response_type=code
Waiting for authorization code...
?[0;34mTester> Making requests to 'redirect_uri': http://localhost:8080
?[0m?[0;34mTester> Made request 1: Authorization code not found. Try again.
?[0m?[0;34mTester> Made request 2: Authorization code not found. Try again.
?[0m?[0;34mTester> Made request 3: Got the code. Return back to your program.
---SUCCESS---
Access Token: 456456
Refresh Token: 567567
> categories
API Error (401): Invalid access token
]]></system-out>
  <system-err><![CDATA[]]></system-err>
</testsuite>
